app/build/intermediates/manifest_merge_blame_file/debug/manifest-merger-blame-debug-report.txt
1<?xml version="1.0" encoding="utf-8"?>
2<manifest xmlns:android="http://schemas.android.com/apk/res/android"
3    package="course.examples.Services.KeyClient"
4    android:versionCode="1"
5    android:versionName="1.0" >
6
7    <uses-sdk
8        android:minSdkVersion="30"
8-->src\main\AndroidManifest.xml
9        android:targetSdkVersion="30" />
9-->src\main\AndroidManifest.xml
10
11    <queries>
11-->src\main\AndroidManifest.xml:8:5-10:15
12        <package android:name="course.examples.Services.KeyService" />
12-->src\main\AndroidManifest.xml:9:9-70
12-->src\main\AndroidManifest.xml:9:18-68
13    </queries>
14
15    <uses-permission android:name="course.examples.Services.KeyService.GEN_ID" />
15-->src\main\AndroidManifest.xml:12:5-82
15-->src\main\AndroidManifest.xml:12:22-79
16    <uses-permission android:name="android.permission.WAKE_LOCK" />
16-->src\main\AndroidManifest.xml:13:5-68
16-->src\main\AndroidManifest.xml:13:22-65
17
18    <application
18-->src\main\AndroidManifest.xml:15:5-27:19
19        android:allowBackup="false"
19-->src\main\AndroidManifest.xml:16:9-36
20        android:appComponentFactory="androidx.core.app.CoreComponentFactory"
20-->[androidx.core:core:1.5.0] AndroidManifest.xml:24:18-86
21        android:debuggable="true"
22        android:extractNativeLibs="false"
23        android:icon="@drawable/ic_launcher"
23-->src\main\AndroidManifest.xml:17:9-45
24        android:testOnly="true" >
25        <activity
25-->src\main\AndroidManifest.xml:18:9-26:20
26            android:name="course.examples.Services.KeyClient.KeyServiceUser"
26-->src\main\AndroidManifest.xml:19:13-43
27            android:label="@string/app_name" >
27-->src\main\AndroidManifest.xml:20:13-45
28            <intent-filter>
28-->src\main\AndroidManifest.xml:21:13-25:29
29                <action android:name="android.intent.action.MAIN" />
29-->src\main\AndroidManifest.xml:22:17-69
29-->src\main\AndroidManifest.xml:22:25-66
30
31                <category android:name="android.intent.category.LAUNCHER" />
31-->src\main\AndroidManifest.xml:24:17-77
31-->src\main\AndroidManifest.xml:24:27-74
32            </intent-filter>
33        </activity>
34    </application>
35
36</manifest>